[debug] [2024-09-17T12:16:30.975Z] ----------------------------------------------------------------------
[debug] [2024-09-17T12:16:30.979Z] Command:       C:\Program Files\nodejs\node.exe C:\Users\Daouda\AppData\Roaming\npm\node_modules\firebase-tools\lib\bin\firebase.js apps:list android --json --project=access-ability-9faa7
[debug] [2024-09-17T12:16:30.980Z] CLI Version:   13.16.0
[debug] [2024-09-17T12:16:30.980Z] Platform:      win32
[debug] [2024-09-17T12:16:30.980Z] Node Version:  v22.1.0
[debug] [2024-09-17T12:16:30.981Z] Time:          Tue Sep 17 2024 14:16:30 GMT+0200 (heure d’été d’Europe centrale)
[debug] [2024-09-17T12:16:30.981Z] ----------------------------------------------------------------------
[debug] 
[debug] [2024-09-17T12:16:31.106Z] Object "" in "firebase.json" has unknown property: {"additionalProperty":"flutter"}
[debug] [2024-09-17T12:16:31.114Z] > command requires scopes: ["email","openid","https://www.googleapis.com/auth/cloudplatformprojects.readonly","https://www.googleapis.com/auth/firebase","https://www.googleapis.com/auth/cloud-platform"]
[debug] [2024-09-17T12:16:31.114Z] > authorizing via signed-in user (fombadaouda72@gmail.com)
[debug] [2024-09-17T12:16:31.121Z] >>> [apiv2][query] GET https://firebase.googleapis.com/v1beta1/projects/access-ability-9faa7/androidApps pageSize=100
[debug] [2024-09-17T12:16:40.397Z] <<< [apiv2][status] GET https://firebase.googleapis.com/v1beta1/projects/access-ability-9faa7/androidApps 200
[debug] [2024-09-17T12:16:40.398Z] <<< [apiv2][body] GET https://firebase.googleapis.com/v1beta1/projects/access-ability-9faa7/androidApps {"apps":[{"name":"projects/access-ability-9faa7/androidApps/1:294435790256:android:c6a74049a746909440ca75","appId":"1:294435790256:android:c6a74049a746909440ca75","projectId":"access-ability-9faa7","packageName":"com.example.accessability","apiKeyId":"00e15233-9ca2-4532-905f-8bd3b4b1466e","state":"ACTIVE","expireTime":"1970-01-01T00:00:00Z","etag":"1_5569f3b8-6240-418a-9d21-d252feb86880"}]}
[info] ┌──────────────────┬───────────────────────────────────────────────┬──────────┐
│ App Display Name │ App ID                                        │ Platform │
├──────────────────┼───────────────────────────────────────────────┼──────────┤
│ [Not specified]  │ 1:294435790256:android:c6a74049a746909440ca75 │ ANDROID  │
└──────────────────┴───────────────────────────────────────────────┴──────────┘
[info] 
[info] 1 app(s) total.
[debug] [2024-09-17T12:16:50.421Z] Error: Timed out.
    at Timeout._onTimeout (C:\Users\Daouda\AppData\Roaming\npm\node_modules\firebase-tools\lib\utils.js:268:49)
    at listOnTimeout (node:internal/timers:573:17)
    at process.processTimers (node:internal/timers:514:7)
[error] 
[error] Error: An unexpected error has occurred.
